[0.205s] DEBUG:colcon:Command line arguments: ['/usr/bin/colcon', 'build']
[0.205s] DEBUG:colcon:Parsed command line arguments: Namespace(allow_overriding=[], ament_cmake_args=None, base_paths=['.'], build_base='build', catkin_cmake_args=None, catkin_skip_building_tests=False, cmake_args=None, cmake_clean_cache=False, cmake_clean_first=False, cmake_force_configure=False, cmake_target=None, cmake_target_skip_unavailable=False, continue_on_error=False, event_handlers=None, executor='parallel', ignore_user_meta=False, install_base='install', log_base=None, log_level=None, main=<bound method BuildVerb.main of <colcon_core.verb.build.BuildVerb object at 0x7f36a6232e20>>, merge_install=False, metas=['./colcon.meta'], packages_above=None, packages_above_and_dependencies=None, packages_above_depth=None, packages_end=None, packages_ignore=None, packages_ignore_regex=None, packages_select=None, packages_select_build_failed=False, packages_select_by_dep=None, packages_select_regex=None, packages_select_test_failures=False, packages_skip=None, packages_skip_build_finished=False, packages_skip_by_dep=None, packages_skip_regex=None, packages_skip_test_passed=False, packages_skip_up_to=None, packages_start=None, packages_up_to=None, packages_up_to_regex=None, parallel_workers=16, paths=None, symlink_install=False, test_result_base=None, verb_extension=<colcon_core.verb.build.BuildVerb object at 0x7f36a6232e20>, verb_name='build', verb_parser=<colcon_defaults.argument_parser.defaults.DefaultArgumentsDecorator object at 0x7f36a623e3d0>)
[0.222s] Level 1:colcon.colcon_core.package_discovery:discover_packages(colcon_meta) check parameters
[0.222s] Level 1:colcon.colcon_core.package_discovery:discover_packages(recursive) check parameters
[0.222s] Level 1:colcon.colcon_core.package_discovery:discover_packages(ignore) check parameters
[0.222s] Level 1:colcon.colcon_core.package_discovery:discover_packages(path) check parameters
[0.222s] Level 1:colcon.colcon_core.package_discovery:discover_packages(colcon_meta) discover
[0.222s] Level 1:colcon.colcon_core.package_discovery:discover_packages(recursive) discover
[0.222s] INFO:colcon.colcon_core.package_discovery:Crawling recursively for packages in '/home/thy/ros2_ws/src/gravity_compensation/src'
[0.222s] Level 1:colcon.colcon_core.package_identification:_identify(.) by extensions ['ignore', 'ignore_ament_install']
[0.222s] Level 1:colcon.colcon_core.package_identification:_identify(.) by extension 'ignore'
[0.222s] Level 1:colcon.colcon_core.package_identification:_identify(.) by extension 'ignore_ament_install'
[0.222s] Level 1:colcon.colcon_core.package_identification:_identify(.) by extensions ['colcon_pkg']
[0.222s] Level 1:colcon.colcon_core.package_identification:_identify(.) by extension 'colcon_pkg'
[0.222s] Level 1:colcon.colcon_core.package_identification:_identify(.) by extensions ['colcon_meta']
[0.222s] Level 1:colcon.colcon_core.package_identification:_identify(.) by extension 'colcon_meta'
[0.222s] Level 1:colcon.colcon_core.package_identification:_identify(.) by extensions ['ros']
[0.223s] Level 1:colcon.colcon_core.package_identification:_identify(.) by extension 'ros'
[0.235s] Level 1:colcon.colcon_core.package_identification:_identify(.) by extensions ['cmake', 'python']
[0.236s] Level 1:colcon.colcon_core.package_identification:_identify(.) by extension 'cmake'
[0.236s] Level 1:colcon.colcon_core.package_identification:_identify(.) by extension 'python'
[0.236s] Level 1:colcon.colcon_core.package_identification:_identify(.) by extensions ['python_setup_py']
[0.236s] Level 1:colcon.colcon_core.package_identification:_identify(.) by extension 'python_setup_py'
[0.236s] Level 1:colcon.colcon_core.package_identification:_identify(build) by extensions ['ignore', 'ignore_ament_install']
[0.236s] Level 1:colcon.colcon_core.package_identification:_identify(build) by extension 'ignore'
[0.236s] Level 1:colcon.colcon_core.package_identification:_identify(build) ignored
[0.236s] Level 1:colcon.colcon_core.package_identification:_identify(gravity_compensation) by extensions ['ignore', 'ignore_ament_install']
[0.236s] Level 1:colcon.colcon_core.package_identification:_identify(gravity_compensation) by extension 'ignore'
[0.236s] Level 1:colcon.colcon_core.package_identification:_identify(gravity_compensation) by extension 'ignore_ament_install'
[0.236s] Level 1:colcon.colcon_core.package_identification:_identify(gravity_compensation) by extensions ['colcon_pkg']
[0.236s] Level 1:colcon.colcon_core.package_identification:_identify(gravity_compensation) by extension 'colcon_pkg'
[0.236s] Level 1:colcon.colcon_core.package_identification:_identify(gravity_compensation) by extensions ['colcon_meta']
[0.236s] Level 1:colcon.colcon_core.package_identification:_identify(gravity_compensation) by extension 'colcon_meta'
[0.236s] Level 1:colcon.colcon_core.package_identification:_identify(gravity_compensation) by extensions ['ros']
[0.236s] Level 1:colcon.colcon_core.package_identification:_identify(gravity_compensation) by extension 'ros'
[0.236s] Level 1:colcon.colcon_core.package_identification:_identify(gravity_compensation) by extensions ['cmake', 'python']
[0.236s] Level 1:colcon.colcon_core.package_identification:_identify(gravity_compensation) by extension 'cmake'
[0.236s] Level 1:colcon.colcon_core.package_identification:_identify(gravity_compensation) by extension 'python'
[0.236s] Level 1:colcon.colcon_core.package_identification:_identify(gravity_compensation) by extensions ['python_setup_py']
[0.236s] Level 1:colcon.colcon_core.package_identification:_identify(gravity_compensation) by extension 'python_setup_py'
[0.236s] Level 1:colcon.colcon_core.package_identification:_identify(gravity_compensation/trajectory_acquisition) by extensions ['ignore', 'ignore_ament_install']
[0.236s] Level 1:colcon.colcon_core.package_identification:_identify(gravity_compensation/trajectory_acquisition) by extension 'ignore'
[0.236s] Level 1:colcon.colcon_core.package_identification:_identify(gravity_compensation/trajectory_acquisition) ignored
[0.236s] Level 1:colcon.colcon_core.package_identification:_identify(gravity_compensation/trajectory_acquisition_msgs) by extensions ['ignore', 'ignore_ament_install']
[0.237s] Level 1:colcon.colcon_core.package_identification:_identify(gravity_compensation/trajectory_acquisition_msgs) by extension 'ignore'
[0.237s] Level 1:colcon.colcon_core.package_identification:_identify(gravity_compensation/trajectory_acquisition_msgs) ignored
[0.237s] Level 1:colcon.colcon_core.package_identification:_identify(install) by extensions ['ignore', 'ignore_ament_install']
[0.237s] Level 1:colcon.colcon_core.package_identification:_identify(install) by extension 'ignore'
[0.237s] Level 1:colcon.colcon_core.package_identification:_identify(install) ignored
[0.237s] Level 1:colcon.colcon_core.package_identification:_identify(log) by extensions ['ignore', 'ignore_ament_install']
[0.237s] Level 1:colcon.colcon_core.package_identification:_identify(log) by extension 'ignore'
[0.237s] Level 1:colcon.colcon_core.package_identification:_identify(log) ignored
[0.237s] Level 1:colcon.colcon_core.package_identification:_identify(test) by extensions ['ignore', 'ignore_ament_install']
[0.237s] Level 1:colcon.colcon_core.package_identification:_identify(test) by extension 'ignore'
[0.237s] Level 1:colcon.colcon_core.package_identification:_identify(test) by extension 'ignore_ament_install'
[0.237s] Level 1:colcon.colcon_core.package_identification:_identify(test) by extensions ['colcon_pkg']
[0.237s] Level 1:colcon.colcon_core.package_identification:_identify(test) by extension 'colcon_pkg'
[0.237s] Level 1:colcon.colcon_core.package_identification:_identify(test) by extensions ['colcon_meta']
[0.237s] Level 1:colcon.colcon_core.package_identification:_identify(test) by extension 'colcon_meta'
[0.237s] Level 1:colcon.colcon_core.package_identification:_identify(test) by extensions ['ros']
[0.237s] Level 1:colcon.colcon_core.package_identification:_identify(test) by extension 'ros'
[0.237s] Level 1:colcon.colcon_core.package_identification:_identify(test) by extensions ['cmake', 'python']
[0.237s] Level 1:colcon.colcon_core.package_identification:_identify(test) by extension 'cmake'
[0.237s] Level 1:colcon.colcon_core.package_identification:_identify(test) by extension 'python'
[0.237s] Level 1:colcon.colcon_core.package_identification:_identify(test) by extensions ['python_setup_py']
[0.237s] Level 1:colcon.colcon_core.package_identification:_identify(test) by extension 'python_setup_py'
[0.237s] Level 1:colcon.colcon_core.package_discovery:discover_packages(recursive) using defaults
[0.237s] Level 1:colcon.colcon_core.package_discovery:discover_packages(ignore) discover
[0.237s] Level 1:colcon.colcon_core.package_discovery:discover_packages(ignore) using defaults
[0.237s] Level 1:colcon.colcon_core.package_discovery:discover_packages(path) discover
[0.237s] Level 1:colcon.colcon_core.package_discovery:discover_packages(path) using defaults
[0.250s] Level 1:colcon.colcon_core.package_discovery:discover_packages(prefix_path) check parameters
[0.250s] Level 1:colcon.colcon_core.package_discovery:discover_packages(prefix_path) discover
[0.253s] DEBUG:colcon.colcon_installed_package_information.package_discovery:Found 26 installed packages in /home/thy/ros2_ws/install
[0.254s] DEBUG:colcon.colcon_installed_package_information.package_discovery:Found 313 installed packages in /opt/ros/foxy
[0.255s] Level 1:colcon.colcon_core.package_discovery:discover_packages(prefix_path) using defaults
[0.302s] INFO:colcon.colcon_core.executor:Executing jobs using 'parallel' executor
[0.304s] DEBUG:colcon.colcon_parallel_executor.executor.parallel:run_until_complete
[0.305s] DEBUG:colcon.colcon_parallel_executor.executor.parallel:closing loop
[0.305s] DEBUG:colcon.colcon_parallel_executor.executor.parallel:loop closed
[0.305s] DEBUG:colcon.colcon_parallel_executor.executor.parallel:run_until_complete finished with '0'
[0.305s] DEBUG:colcon.colcon_core.event_reactor:joining thread
[0.313s] INFO:colcon.colcon_core.plugin_system:Skipping extension 'colcon_notification.desktop_notification.terminal_notifier': Not used on non-Darwin systems
[0.313s] INFO:colcon.colcon_core.plugin_system:Skipping extension 'colcon_notification.desktop_notification.win32': Not used on non-Windows systems
[0.313s] INFO:colcon.colcon_notification.desktop_notification:Sending desktop notification using 'notify2'
[0.330s] DEBUG:colcon.colcon_core.event_reactor:joined thread
[0.334s] INFO:colcon.colcon_core.plugin_system:Skipping extension 'colcon_core.shell.bat': Not used on non-Windows systems
[0.334s] INFO:colcon.colcon_core.shell:Creating prefix script '/home/thy/ros2_ws/src/gravity_compensation/src/install/local_setup.ps1'
[0.336s] INFO:colcon.colcon_core.shell:Creating prefix util module '/home/thy/ros2_ws/src/gravity_compensation/src/install/_local_setup_util_ps1.py'
[0.337s] INFO:colcon.colcon_core.shell:Creating prefix chain script '/home/thy/ros2_ws/src/gravity_compensation/src/install/setup.ps1'
[0.338s] INFO:colcon.colcon_core.shell:Creating prefix script '/home/thy/ros2_ws/src/gravity_compensation/src/install/local_setup.sh'
[0.339s] INFO:colcon.colcon_core.shell:Creating prefix util module '/home/thy/ros2_ws/src/gravity_compensation/src/install/_local_setup_util_sh.py'
[0.339s] INFO:colcon.colcon_core.shell:Creating prefix chain script '/home/thy/ros2_ws/src/gravity_compensation/src/install/setup.sh'
[0.340s] INFO:colcon.colcon_core.shell:Creating prefix script '/home/thy/ros2_ws/src/gravity_compensation/src/install/local_setup.bash'
[0.340s] INFO:colcon.colcon_core.shell:Creating prefix chain script '/home/thy/ros2_ws/src/gravity_compensation/src/install/setup.bash'
[0.342s] INFO:colcon.colcon_core.shell:Creating prefix script '/home/thy/ros2_ws/src/gravity_compensation/src/install/local_setup.zsh'
[0.342s] INFO:colcon.colcon_core.shell:Creating prefix chain script '/home/thy/ros2_ws/src/gravity_compensation/src/install/setup.zsh'
